2020-11-13 16:48:13.036  INFO [code-generator,,,] 32020 --- [main] c.c.c.ConfigServicePropertySourceLocator : Fetching config from server at: http://localhost:8888
2020-11-13 16:48:15.710  WARN [code-generator,,,] 32020 --- [main] c.c.c.ConfigServicePropertySourceLocator : Could not locate PropertySource: I/O error on GET request for "http://localhost:8888/code-generator/default": Connection refused: connect; nested exception is java.net.ConnectException: Connection refused: connect
2020-11-13 16:48:15.713  INFO [code-generator,,,] 32020 --- [main] com.aspire.CodeGeneratorApplication      : No active profile set, falling back to default profiles: default
2020-11-13 16:48:15.828  INFO [code-generator,,,] 32020 --- [main] ationConfigEmbeddedWebApplicationContext : Refreshing org.springframework.boot.context.embedded.AnnotationConfigEmbeddedWebApplicationContext@57ce634f: startup date [Fri Nov 13 16:48:15 CST 2020]; parent: org.springframework.context.annotation.AnnotationConfigApplicationContext@a43ce46
2020-11-13 16:48:21.890  WARN [code-generator,,,] 32020 --- [main] o.m.s.mapper.ClassPathMapperScanner      : No MyBatis mapper was found in '[com.aspire]' package. Please check your configuration.
2020-11-13 16:48:24.765  INFO [code-generator,,,] 32020 --- [main] o.s.cloud.context.scope.GenericScope     : BeanFactory id=78edc86d-fd84-30bc-9d20-21be45f0f211
2020-11-13 16:48:25.359  INFO [code-generator,,,] 32020 --- [main] f.a.AutowiredAnnotationBeanPostProcessor : JSR-330 'javax.inject.Inject' annotation found and supported for autowiring
2020-11-13 16:48:25.821  INFO [code-generator,,,] 32020 --- [main] trationDelegate$BeanPostProcessorChecker : Bean 'org.springframework.cloud.sleuth.instrument.async.AsyncDefaultAutoConfiguration$DefaultAsyncConfigurerSupport' of type [org.springframework.cloud.sleuth.instrument.async.AsyncDefaultAutoConfiguration$DefaultAsyncConfigurerSupport$$EnhancerBySpringCGLIB$$42dd1a6e] is not eligible for getting processed by all BeanPostProcessors (for example: not eligible for auto-proxying)
2020-11-13 16:48:26.374  INFO [code-generator,,,] 32020 --- [main] trationDelegate$BeanPostProcessorChecker : Bean 'org.springframework.cloud.sleuth.annotation.SleuthAnnotationAutoConfiguration' of type [org.springframework.cloud.sleuth.annotation.SleuthAnnotationAutoConfiguration$$EnhancerBySpringCGLIB$$800c2dd] is not eligible for getting processed by all BeanPostProcessors (for example: not eligible for auto-proxying)
2020-11-13 16:48:27.784  INFO [code-generator,,,] 32020 --- [main] trationDelegate$BeanPostProcessorChecker : Bean 'sleuthAdvisorConfig' of type [org.springframework.cloud.sleuth.annotation.SleuthAdvisorConfig] is not eligible for getting processed by all BeanPostProcessors (for example: not eligible for auto-proxying)
2020-11-13 16:48:27.815  INFO [code-generator,,,] 32020 --- [main] trationDelegate$BeanPostProcessorChecker : Bean 'org.springframework.transaction.annotation.ProxyTransactionManagementConfiguration' of type [org.springframework.transaction.annotation.ProxyTransactionManagementConfiguration$$EnhancerBySpringCGLIB$$59b7cab] is not eligible for getting processed by all BeanPostProcessors (for example: not eligible for auto-proxying)
2020-11-13 16:48:28.192  INFO [code-generator,,,] 32020 --- [main] trationDelegate$BeanPostProcessorChecker : Bean 'org.springframework.cloud.autoconfigure.ConfigurationPropertiesRebinderAutoConfiguration' of type [org.springframework.cloud.autoconfigure.ConfigurationPropertiesRebinderAutoConfiguration$$EnhancerBySpringCGLIB$$21b57fa8] is not eligible for getting processed by all BeanPostProcessors (for example: not eligible for auto-proxying)
2020-11-13 16:48:28.272  INFO [code-generator,,,] 32020 --- [main] trationDelegate$BeanPostProcessorChecker : Bean 'org.springframework.cloud.sleuth.instrument.async.AsyncDefaultAutoConfiguration' of type [org.springframework.cloud.sleuth.instrument.async.AsyncDefaultAutoConfiguration$$EnhancerBySpringCGLIB$$ed7f28ca] is not eligible for getting processed by all BeanPostProcessors (for example: not eligible for auto-proxying)
2020-11-13 16:48:28.383  INFO [code-generator,,,] 32020 --- [main] trationDelegate$BeanPostProcessorChecker : Bean 'org.springframework.cloud.sleuth.instrument.web.client.TraceWebClientAutoConfiguration$TraceOAuthConfiguration' of type [org.springframework.cloud.sleuth.instrument.web.client.TraceWebClientAutoConfiguration$TraceOAuthConfiguration$$EnhancerBySpringCGLIB$$4a980f0a] is not eligible for getting processed by all BeanPostProcessors (for example: not eligible for auto-proxying)
2020-11-13 16:48:34.146  INFO [code-generator,,,] 32020 --- [main] s.b.c.e.t.TomcatEmbeddedServletContainer : Tomcat initialized with port(s): 4044 (http)
2020-11-13 16:48:34.335  INFO [code-generator,,,] 32020 --- [main] o.apache.catalina.core.StandardService   : Starting service [Tomcat]
2020-11-13 16:48:34.337  INFO [code-generator,,,] 32020 --- [main] org.apache.catalina.core.StandardEngine  : Starting Servlet Engine: Apache Tomcat/8.5.20
2020-11-13 16:48:36.246  INFO [code-generator,,,] 32020 --- [localhost-startStop-1] o.a.c.c.C.[Tomcat].[localhost].[/]       : Initializing Spring embedded WebApplicationContext
2020-11-13 16:48:36.248  INFO [code-generator,,,] 32020 --- [localhost-startStop-1] o.s.web.context.ContextLoader            : Root WebApplicationContext: initialization completed in 20419 ms
2020-11-13 16:48:38.506  INFO [code-generator,,,] 32020 --- [localhost-startStop-1] o.s.b.w.servlet.FilterRegistrationBean   : Mapping filter: 'characterEncodingFilter' to: [/*]
2020-11-13 16:48:38.508  INFO [code-generator,,,] 32020 --- [localhost-startStop-1] o.s.b.w.servlet.FilterRegistrationBean   : Mapping filter: 'traceFilter' to: [/*]
2020-11-13 16:48:38.508  INFO [code-generator,,,] 32020 --- [localhost-startStop-1] o.s.b.w.servlet.FilterRegistrationBean   : Mapping filter: 'hiddenHttpMethodFilter' to: [/*]
2020-11-13 16:48:38.508  INFO [code-generator,,,] 32020 --- [localhost-startStop-1] o.s.b.w.servlet.FilterRegistrationBean   : Mapping filter: 'httpPutFormContentFilter' to: [/*]
2020-11-13 16:48:38.509  INFO [code-generator,,,] 32020 --- [localhost-startStop-1] o.s.b.w.servlet.FilterRegistrationBean   : Mapping filter: 'requestContextFilter' to: [/*]
2020-11-13 16:48:38.509  INFO [code-generator,,,] 32020 --- [localhost-startStop-1] o.s.b.w.servlet.ServletRegistrationBean  : Mapping servlet: 'dispatcherServlet' to [/]
2020-11-13 16:48:50.899  INFO [code-generator,,,] 32020 --- [main] s.w.s.m.m.a.RequestMappingHandlerMapping : Mapped "{[/develophelp/connection],methods=[POST]}" onto public java.util.List<java.lang.String> com.aspire.code.generator.controller.CodeGeneratorController.connection(java.util.Map<java.lang.String, java.lang.Object>) throws java.lang.Exception
2020-11-13 16:48:50.905  INFO [code-generator,,,] 32020 --- [main] s.w.s.m.m.a.RequestMappingHandlerMapping : Mapped "{[/develophelp/generator/curd],methods=[POST]}" onto public java.lang.String com.aspire.code.generator.controller.CodeGeneratorController.generatorCURD(java.util.Map<java.lang.String, java.lang.Object>)
2020-11-13 16:48:50.971  INFO [code-generator,,,] 32020 --- [main] s.w.s.m.m.a.RequestMappingHandlerMapping : Mapped "{[/develophelp/downloadBeans],methods=[POST]}" onto public void com.aspire.code.generator.controller.CodeGeneratorController.generatorCode(java.util.Map<java.lang.String, java.lang.Object>,javax.servlet.http.HttpServletResponse) throws java.lang.Exception
2020-11-13 16:48:50.974  INFO [code-generator,,,] 32020 --- [main] s.w.s.m.m.a.RequestMappingHandlerMapping : Mapped "{[/v2/api-docs],methods=[GET],produces=[application/json || application/hal+json]}" onto public org.springframework.http.ResponseEntity<springfox.documentation.spring.web.json.Json> springfox.documentation.swagger2.web.Swagger2Controller.getDocumentation(java.lang.String,javax.servlet.http.HttpServletRequest)
2020-11-13 16:48:51.011  INFO [code-generator,,,] 32020 --- [main] s.w.s.m.m.a.RequestMappingHandlerMapping : Mapped "{[/swagger-resources/configuration/security]}" onto org.springframework.http.ResponseEntity<springfox.documentation.swagger.web.SecurityConfiguration> springfox.documentation.swagger.web.ApiResourceController.securityConfiguration()
2020-11-13 16:48:51.036  INFO [code-generator,,,] 32020 --- [main] s.w.s.m.m.a.RequestMappingHandlerMapping : Mapped "{[/swagger-resources]}" onto org.springframework.http.ResponseEntity<java.util.List<springfox.documentation.swagger.web.SwaggerResource>> springfox.documentation.swagger.web.ApiResourceController.swaggerResources()
2020-11-13 16:48:51.040  INFO [code-generator,,,] 32020 --- [main] s.w.s.m.m.a.RequestMappingHandlerMapping : Mapped "{[/swagger-resources/configuration/ui]}" onto org.springframework.http.ResponseEntity<springfox.documentation.swagger.web.UiConfiguration> springfox.documentation.swagger.web.ApiResourceController.uiConfiguration()
2020-11-13 16:48:51.050  INFO [code-generator,,,] 32020 --- [main] s.w.s.m.m.a.RequestMappingHandlerMapping : Mapped "{[/error]}" onto public org.springframework.http.ResponseEntity<java.util.Map<java.lang.String, java.lang.Object>> org.springframework.boot.autoconfigure.web.BasicErrorController.error(javax.servlet.http.HttpServletRequest)
2020-11-13 16:48:51.051  INFO [code-generator,,,] 32020 --- [main] s.w.s.m.m.a.RequestMappingHandlerMapping : Mapped "{[/error],produces=[text/html]}" onto public org.springframework.web.servlet.ModelAndView org.springframework.boot.autoconfigure.web.BasicErrorController.errorHtml(javax.servlet.http.HttpServletRequest,javax.servlet.http.HttpServletResponse)
2020-11-13 16:49:03.595  WARN [code-generator,,,] 32020 --- [main] c.n.c.sources.URLConfigurationSource     : No URLs will be polled as dynamic configuration sources.
2020-11-13 16:49:03.595  INFO [code-generator,,,] 32020 --- [main] c.n.c.sources.URLConfigurationSource     : To enable URLs as dynamic configuration sources, define System property archaius.configurationSource.additionalUrls or make config.properties available on classpath.
2020-11-13 16:49:03.694  WARN [code-generator,,,] 32020 --- [main] c.n.c.sources.URLConfigurationSource     : No URLs will be polled as dynamic configuration sources.
2020-11-13 16:49:03.695  INFO [code-generator,,,] 32020 --- [main] c.n.c.sources.URLConfigurationSource     : To enable URLs as dynamic configuration sources, define System property archaius.configurationSource.additionalUrls or make config.properties available on classpath.
2020-11-13 16:49:07.164  INFO [code-generator,,,] 32020 --- [main] s.w.s.m.m.a.RequestMappingHandlerAdapter : Looking for @ControllerAdvice: org.springframework.boot.context.embedded.AnnotationConfigEmbeddedWebApplicationContext@57ce634f: startup date [Fri Nov 13 16:48:15 CST 2020]; parent: org.springframework.context.annotation.AnnotationConfigApplicationContext@a43ce46
2020-11-13 16:49:07.819  INFO [code-generator,,,] 32020 --- [main] o.s.w.s.handler.SimpleUrlHandlerMapping  : Mapped URL path [/swagger-ui.html] onto handler of type [class org.springframework.web.servlet.resource.ResourceHttpRequestHandler]
2020-11-13 16:49:07.819  INFO [code-generator,,,] 32020 --- [main] o.s.w.s.handler.SimpleUrlHandlerMapping  : Mapped URL path [/webjars/**] onto handler of type [class org.springframework.web.servlet.resource.ResourceHttpRequestHandler]
2020-11-13 16:49:07.819  INFO [code-generator,,,] 32020 --- [main] o.s.w.s.handler.SimpleUrlHandlerMapping  : Mapped URL path [/**] onto handler of type [class org.springframework.web.servlet.resource.ResourceHttpRequestHandler]
2020-11-13 16:49:08.162  INFO [code-generator,,,] 32020 --- [main] o.s.w.s.handler.SimpleUrlHandlerMapping  : Mapped URL path [/**/favicon.ico] onto handler of type [class org.springframework.web.servlet.resource.ResourceHttpRequestHandler]
2020-11-13 16:49:13.328  INFO [code-generator,,,] 32020 --- [main] o.s.w.s.v.f.FreeMarkerConfigurer         : ClassTemplateLoader for Spring macros added to FreeMarker configuration
2020-11-13 16:49:24.649  INFO [code-generator,,,] 32020 --- [main] o.s.s.c.ThreadPoolTaskScheduler          : Initializing ExecutorService 
2020-11-13 16:49:25.872  INFO [code-generator,,,] 32020 --- [main] o.s.j.e.a.AnnotationMBeanExporter        : Registering beans for JMX exposure on startup
2020-11-13 16:49:25.953  INFO [code-generator,,,] 32020 --- [main] o.s.j.e.a.AnnotationMBeanExporter        : Bean with name 'environmentManager' has been autodetected for JMX exposure
2020-11-13 16:49:25.958  INFO [code-generator,,,] 32020 --- [main] o.s.j.e.a.AnnotationMBeanExporter        : Bean with name 'configurationPropertiesRebinder' has been autodetected for JMX exposure
2020-11-13 16:49:25.961  INFO [code-generator,,,] 32020 --- [main] o.s.j.e.a.AnnotationMBeanExporter        : Bean with name 'refreshScope' has been autodetected for JMX exposure
2020-11-13 16:49:25.969  INFO [code-generator,,,] 32020 --- [main] o.s.j.e.a.AnnotationMBeanExporter        : Located managed bean 'environmentManager': registering with JMX server as MBean [org.springframework.cloud.context.environment:name=environmentManager,type=EnvironmentManager]
2020-11-13 16:49:26.030  INFO [code-generator,,,] 32020 --- [main] o.s.j.e.a.AnnotationMBeanExporter        : Located managed bean 'refreshScope': registering with JMX server as MBean [org.springframework.cloud.context.scope.refresh:name=refreshScope,type=RefreshScope]
2020-11-13 16:49:26.068  INFO [code-generator,,,] 32020 --- [main] o.s.j.e.a.AnnotationMBeanExporter        : Located managed bean 'configurationPropertiesRebinder': registering with JMX server as MBean [org.springframework.cloud.context.properties:name=configurationPropertiesRebinder,context=57ce634f,type=ConfigurationPropertiesRebinder]
2020-11-13 16:49:26.516  INFO [code-generator,,,] 32020 --- [main] o.s.c.support.DefaultLifecycleProcessor  : Starting beans in phase 2147483647
2020-11-13 16:49:26.516  INFO [code-generator,,,] 32020 --- [main] d.s.w.p.DocumentationPluginsBootstrapper : Context refreshed
2020-11-13 16:49:26.609  INFO [code-generator,,,] 32020 --- [main] d.s.w.p.DocumentationPluginsBootstrapper : Found 1 custom documentation plugin(s)
2020-11-13 16:49:26.688  INFO [code-generator,,,] 32020 --- [main] s.d.s.w.s.ApiListingReferenceScanner     : Scanning for api listing references
2020-11-13 16:49:27.446  INFO [code-generator,,,] 32020 --- [main] s.b.c.e.t.TomcatEmbeddedServletContainer : Tomcat started on port(s): 4044 (http)
2020-11-13 16:49:27.453  INFO [code-generator,,,] 32020 --- [main] com.aspire.CodeGeneratorApplication      : Started CodeGeneratorApplication in 105.895 seconds (JVM running for 127.81)
2020-11-13 16:52:17.138 DEBUG [code-generator,,,] 32020 --- [http-nio-4044-exec-2] o.s.web.servlet.DispatcherServlet        : Initializing servlet 'dispatcherServlet'
2020-11-13 16:52:17.141  INFO [code-generator,,,] 32020 --- [http-nio-4044-exec-2] o.a.c.c.C.[Tomcat].[localhost].[/]       : Initializing Spring FrameworkServlet 'dispatcherServlet'
2020-11-13 16:52:17.142  INFO [code-generator,,,] 32020 --- [http-nio-4044-exec-2] o.s.web.servlet.DispatcherServlet        : FrameworkServlet 'dispatcherServlet': initialization started
2020-11-13 16:52:17.143 DEBUG [code-generator,,,] 32020 --- [http-nio-4044-exec-2] o.s.web.servlet.DispatcherServlet        : Using MultipartResolver [org.springframework.web.multipart.support.StandardServletMultipartResolver@d055c31]
2020-11-13 16:52:17.177 DEBUG [code-generator,,,] 32020 --- [http-nio-4044-exec-2] o.s.web.servlet.DispatcherServlet        : Unable to locate LocaleResolver with name 'localeResolver': using default [org.springframework.web.servlet.i18n.AcceptHeaderLocaleResolver@339216e3]
2020-11-13 16:52:17.223 DEBUG [code-generator,,,] 32020 --- [http-nio-4044-exec-2] o.s.web.servlet.DispatcherServlet        : Unable to locate ThemeResolver with name 'themeResolver': using default [org.springframework.web.servlet.theme.FixedThemeResolver@84f0486]
2020-11-13 16:52:17.293 DEBUG [code-generator,,,] 32020 --- [http-nio-4044-exec-2] o.s.web.servlet.DispatcherServlet        : Unable to locate RequestToViewNameTranslator with name 'viewNameTranslator': using default [org.springframework.web.servlet.view.DefaultRequestToViewNameTranslator@7de97329]
2020-11-13 16:52:17.363 DEBUG [code-generator,,,] 32020 --- [http-nio-4044-exec-2] o.s.web.servlet.DispatcherServlet        : Unable to locate FlashMapManager with name 'flashMapManager': using default [org.springframework.web.servlet.support.SessionFlashMapManager@7e0e477c]
2020-11-13 16:52:17.364 DEBUG [code-generator,,,] 32020 --- [http-nio-4044-exec-2] o.s.web.servlet.DispatcherServlet        : Published WebApplicationContext of servlet 'dispatcherServlet' as ServletContext attribute with name [org.springframework.web.servlet.FrameworkServlet.CONTEXT.dispatcherServlet]
2020-11-13 16:52:17.364  INFO [code-generator,,,] 32020 --- [http-nio-4044-exec-2] o.s.web.servlet.DispatcherServlet        : FrameworkServlet 'dispatcherServlet': initialization completed in 222 ms
2020-11-13 16:52:17.364 DEBUG [code-generator,,,] 32020 --- [http-nio-4044-exec-2] o.s.web.servlet.DispatcherServlet        : Servlet 'dispatcherServlet' configured successfully
2020-11-13 16:52:17.587 DEBUG [code-generator,d62480feedffab9c,d62480feedffab9c,false] 32020 --- [http-nio-4044-exec-2] o.s.web.servlet.DispatcherServlet        : DispatcherServlet with name 'dispatcherServlet' processing GET request for [/swagger-ui.html]
2020-11-13 16:52:17.655 DEBUG [code-generator,d62480feedffab9c,d62480feedffab9c,false] 32020 --- [http-nio-4044-exec-2] o.s.web.servlet.DispatcherServlet        : Last-Modified value for [/swagger-ui.html] is: -1
2020-11-13 16:52:17.717 DEBUG [code-generator,d62480feedffab9c,d62480feedffab9c,false] 32020 --- [http-nio-4044-exec-2] o.s.web.servlet.DispatcherServlet        : Null ModelAndView returned to DispatcherServlet with name 'dispatcherServlet': assuming HandlerAdapter completed request handling
2020-11-13 16:52:17.720 DEBUG [code-generator,d62480feedffab9c,d62480feedffab9c,false] 32020 --- [http-nio-4044-exec-2] o.s.web.servlet.DispatcherServlet        : Successfully completed request
2020-11-13 16:52:17.849 DEBUG [code-generator,c842391570dd6d8b,c842391570dd6d8b,false] 32020 --- [http-nio-4044-exec-1] o.s.web.servlet.DispatcherServlet        : DispatcherServlet with name 'dispatcherServlet' processing GET request for [/webjars/springfox-swagger-ui/css/typography.css]
2020-11-13 16:52:17.852 DEBUG [code-generator,c842391570dd6d8b,c842391570dd6d8b,false] 32020 --- [http-nio-4044-exec-1] o.s.web.servlet.DispatcherServlet        : Last-Modified value for [/webjars/springfox-swagger-ui/css/typography.css] is: -1
2020-11-13 16:52:17.852 DEBUG [code-generator,fe3e157b15feba14,fe3e157b15feba14,false] 32020 --- [http-nio-4044-exec-6] o.s.web.servlet.DispatcherServlet        : DispatcherServlet with name 'dispatcherServlet' processing GET request for [/webjars/springfox-swagger-ui/lib/jquery-1.8.0.min.js]
2020-11-13 16:52:17.854 DEBUG [code-generator,fe3e157b15feba14,fe3e157b15feba14,false] 32020 --- [http-nio-4044-exec-6] o.s.web.servlet.DispatcherServlet        : Last-Modified value for [/webjars/springfox-swagger-ui/lib/jquery-1.8.0.min.js] is: -1
2020-11-13 16:52:17.870 DEBUG [code-generator,748f11640cfcfe40,748f11640cfcfe40,false] 32020 --- [http-nio-4044-exec-4] o.s.web.servlet.DispatcherServlet        : DispatcherServlet with name 'dispatcherServlet' processing GET request for [/webjars/springfox-swagger-ui/css/screen.css]
2020-11-13 16:52:17.871 DEBUG [code-generator,748f11640cfcfe40,748f11640cfcfe40,false] 32020 --- [http-nio-4044-exec-4] o.s.web.servlet.DispatcherServlet        : Last-Modified value for [/webjars/springfox-swagger-ui/css/screen.css] is: -1
2020-11-13 16:52:17.874 DEBUG [code-generator,17129e9392a2b169,17129e9392a2b169,false] 32020 --- [http-nio-4044-exec-5] o.s.web.servlet.DispatcherServlet        : DispatcherServlet with name 'dispatcherServlet' processing GET request for [/webjars/springfox-swagger-ui/lib/object-assign-pollyfill.js]
2020-11-13 16:52:17.875 DEBUG [code-generator,17129e9392a2b169,17129e9392a2b169,false] 32020 --- [http-nio-4044-exec-5] o.s.web.servlet.DispatcherServlet        : Last-Modified value for [/webjars/springfox-swagger-ui/lib/object-assign-pollyfill.js] is: -1
2020-11-13 16:52:17.881 DEBUG [code-generator,071bd03089982f8a,071bd03089982f8a,false] 32020 --- [http-nio-4044-exec-7] o.s.web.servlet.DispatcherServlet        : DispatcherServlet with name 'dispatcherServlet' processing GET request for [/webjars/springfox-swagger-ui/lib/jquery.slideto.min.js]
2020-11-13 16:52:17.883 DEBUG [code-generator,071bd03089982f8a,071bd03089982f8a,false] 32020 --- [http-nio-4044-exec-7] o.s.web.servlet.DispatcherServlet        : Last-Modified value for [/webjars/springfox-swagger-ui/lib/jquery.slideto.min.js] is: -1
2020-11-13 16:52:17.900 DEBUG [code-generator,41fa185481f06c9e,41fa185481f06c9e,false] 32020 --- [http-nio-4044-exec-3] o.s.web.servlet.DispatcherServlet        : DispatcherServlet with name 'dispatcherServlet' processing GET request for [/webjars/springfox-swagger-ui/css/reset.css]
2020-11-13 16:52:17.908 DEBUG [code-generator,41fa185481f06c9e,41fa185481f06c9e,false] 32020 --- [http-nio-4044-exec-3] o.s.web.servlet.DispatcherServlet        : Last-Modified value for [/webjars/springfox-swagger-ui/css/reset.css] is: -1
2020-11-13 16:52:17.911 DEBUG [code-generator,748f11640cfcfe40,748f11640cfcfe40,false] 32020 --- [http-nio-4044-exec-4] o.s.web.servlet.DispatcherServlet        : Null ModelAndView returned to DispatcherServlet with name 'dispatcherServlet': assuming HandlerAdapter completed request handling
2020-11-13 16:52:17.915 DEBUG [code-generator,fe3e157b15feba14,fe3e157b15feba14,false] 32020 --- [http-nio-4044-exec-6] o.s.web.servlet.DispatcherServlet        : Null ModelAndView returned to DispatcherServlet with name 'dispatcherServlet': assuming HandlerAdapter completed request handling
2020-11-13 16:52:17.917 DEBUG [code-generator,c842391570dd6d8b,c842391570dd6d8b,false] 32020 --- [http-nio-4044-exec-1] o.s.web.servlet.DispatcherServlet        : Null ModelAndView returned to DispatcherServlet with name 'dispatcherServlet': assuming HandlerAdapter completed request handling
2020-11-13 16:52:17.977 DEBUG [code-generator,748f11640cfcfe40,748f11640cfcfe40,false] 32020 --- [http-nio-4044-exec-4] o.s.web.servlet.DispatcherServlet        : Successfully completed request
2020-11-13 16:52:17.978 DEBUG [code-generator,fe3e157b15feba14,fe3e157b15feba14,false] 32020 --- [http-nio-4044-exec-6] o.s.web.servlet.DispatcherServlet        : Successfully completed request
2020-11-13 16:52:17.927 DEBUG [code-generator,071bd03089982f8a,071bd03089982f8a,false] 32020 --- [http-nio-4044-exec-7] o.s.web.servlet.DispatcherServlet        : Null ModelAndView returned to DispatcherServlet with name 'dispatcherServlet': assuming HandlerAdapter completed request handling
2020-11-13 16:52:17.982 DEBUG [code-generator,071bd03089982f8a,071bd03089982f8a,false] 32020 --- [http-nio-4044-exec-7] o.s.web.servlet.DispatcherServlet        : Successfully completed request
2020-11-13 16:52:17.922 DEBUG [code-generator,17129e9392a2b169,17129e9392a2b169,false] 32020 --- [http-nio-4044-exec-5] o.s.web.servlet.DispatcherServlet        : Null ModelAndView returned to DispatcherServlet with name 'dispatcherServlet': assuming HandlerAdapter completed request handling
2020-11-13 16:52:17.982 DEBUG [code-generator,41fa185481f06c9e,41fa185481f06c9e,false] 32020 --- [http-nio-4044-exec-3] o.s.web.servlet.DispatcherServlet        : Null ModelAndView returned to DispatcherServlet with name 'dispatcherServlet': assuming HandlerAdapter completed request handling
2020-11-13 16:52:17.985 DEBUG [code-generator,17129e9392a2b169,17129e9392a2b169,false] 32020 --- [http-nio-4044-exec-5] o.s.web.servlet.DispatcherServlet        : Successfully completed request
2020-11-13 16:52:17.978 DEBUG [code-generator,c842391570dd6d8b,c842391570dd6d8b,false] 32020 --- [http-nio-4044-exec-1] o.s.web.servlet.DispatcherServlet        : Successfully completed request
2020-11-13 16:52:17.985 DEBUG [code-generator,41fa185481f06c9e,41fa185481f06c9e,false] 32020 --- [http-nio-4044-exec-3] o.s.web.servlet.DispatcherServlet        : Successfully completed request
2020-11-13 16:52:17.993 DEBUG [code-generator,d8657cbfb2174eeb,d8657cbfb2174eeb,false] 32020 --- [http-nio-4044-exec-6] o.s.web.servlet.DispatcherServlet        : DispatcherServlet with name 'dispatcherServlet' processing GET request for [/webjars/springfox-swagger-ui/lib/backbone-min.js]
2020-11-13 16:52:17.997 DEBUG [code-generator,9aaf07e588718eae,9aaf07e588718eae,false] 32020 --- [http-nio-4044-exec-7] o.s.web.servlet.DispatcherServlet        : DispatcherServlet with name 'dispatcherServlet' processing GET request for [/webjars/springfox-swagger-ui/lib/handlebars-4.0.5.js]
2020-11-13 16:52:18.001 DEBUG [code-generator,c7a038ab63af3e37,c7a038ab63af3e37,false] 32020 --- [http-nio-4044-exec-5] o.s.web.servlet.DispatcherServlet        : DispatcherServlet with name 'dispatcherServlet' processing GET request for [/webjars/springfox-swagger-ui/lib/jquery.ba-bbq.min.js]
2020-11-13 16:52:18.002 DEBUG [code-generator,dfad5aa1165f43f1,dfad5aa1165f43f1,false] 32020 --- [http-nio-4044-exec-1] o.s.web.servlet.DispatcherServlet        : DispatcherServlet with name 'dispatcherServlet' processing GET request for [/webjars/springfox-swagger-ui/lib/jquery.wiggle.min.js]
2020-11-13 16:52:18.007 DEBUG [code-generator,18dccf8ad1fc2df4,18dccf8ad1fc2df4,false] 32020 --- [http-nio-4044-exec-4] o.s.web.servlet.DispatcherServlet        : DispatcherServlet with name 'dispatcherServlet' processing GET request for [/webjars/springfox-swagger-ui/lib/lodash.min.js]
2020-11-13 16:52:18.017 DEBUG [code-generator,b2bd85e588bea9e3,b2bd85e588bea9e3,false] 32020 --- [http-nio-4044-exec-8] o.s.web.servlet.DispatcherServlet        : DispatcherServlet with name 'dispatcherServlet' processing GET request for [/webjars/springfox-swagger-ui/swagger-ui.min.js]
2020-11-13 16:52:18.150 DEBUG [code-generator,d8657cbfb2174eeb,d8657cbfb2174eeb,false] 32020 --- [http-nio-4044-exec-6] o.s.web.servlet.DispatcherServlet        : Last-Modified value for [/webjars/springfox-swagger-ui/lib/backbone-min.js] is: -1
2020-11-13 16:52:18.176 DEBUG [code-generator,9aaf07e588718eae,9aaf07e588718eae,false] 32020 --- [http-nio-4044-exec-7] o.s.web.servlet.DispatcherServlet        : Last-Modified value for [/webjars/springfox-swagger-ui/lib/handlebars-4.0.5.js] is: -1
2020-11-13 16:52:18.179 DEBUG [code-generator,c7a038ab63af3e37,c7a038ab63af3e37,false] 32020 --- [http-nio-4044-exec-5] o.s.web.servlet.DispatcherServlet        : Last-Modified value for [/webjars/springfox-swagger-ui/lib/jquery.ba-bbq.min.js] is: -1
2020-11-13 16:52:18.179 DEBUG [code-generator,dfad5aa1165f43f1,dfad5aa1165f43f1,false] 32020 --- [http-nio-4044-exec-1] o.s.web.servlet.DispatcherServlet        : Last-Modified value for [/webjars/springfox-swagger-ui/lib/jquery.wiggle.min.js] is: -1
2020-11-13 16:52:18.180 DEBUG [code-generator,b2bd85e588bea9e3,b2bd85e588bea9e3,false] 32020 --- [http-nio-4044-exec-8] o.s.web.servlet.DispatcherServlet        : Last-Modified value for [/webjars/springfox-swagger-ui/swagger-ui.min.js] is: -1
2020-11-13 16:52:18.181 DEBUG [code-generator,18dccf8ad1fc2df4,18dccf8ad1fc2df4,false] 32020 --- [http-nio-4044-exec-4] o.s.web.servlet.DispatcherServlet        : Last-Modified value for [/webjars/springfox-swagger-ui/lib/lodash.min.js] is: -1
2020-11-13 16:52:18.194 DEBUG [code-generator,d8657cbfb2174eeb,d8657cbfb2174eeb,false] 32020 --- [http-nio-4044-exec-6] o.s.web.servlet.DispatcherServlet        : Null ModelAndView returned to DispatcherServlet with name 'dispatcherServlet': assuming HandlerAdapter completed request handling
2020-11-13 16:52:18.198 DEBUG [code-generator,dfad5aa1165f43f1,dfad5aa1165f43f1,false] 32020 --- [http-nio-4044-exec-1] o.s.web.servlet.DispatcherServlet        : Null ModelAndView returned to DispatcherServlet with name 'dispatcherServlet': assuming HandlerAdapter completed request handling
2020-11-13 16:52:18.425 DEBUG [code-generator,d8657cbfb2174eeb,d8657cbfb2174eeb,false] 32020 --- [http-nio-4044-exec-6] o.s.web.servlet.DispatcherServlet        : Successfully completed request
2020-11-13 16:52:18.205 DEBUG [code-generator,18dccf8ad1fc2df4,18dccf8ad1fc2df4,false] 32020 --- [http-nio-4044-exec-4] o.s.web.servlet.DispatcherServlet        : Null ModelAndView returned to DispatcherServlet with name 'dispatcherServlet': assuming HandlerAdapter completed request handling
2020-11-13 16:52:18.426 DEBUG [code-generator,18dccf8ad1fc2df4,18dccf8ad1fc2df4,false] 32020 --- [http-nio-4044-exec-4] o.s.web.servlet.DispatcherServlet        : Successfully completed request
2020-11-13 16:52:18.425 DEBUG [code-generator,dfad5aa1165f43f1,dfad5aa1165f43f1,false] 32020 --- [http-nio-4044-exec-1] o.s.web.servlet.DispatcherServlet        : Successfully completed request
2020-11-13 16:52:18.208 DEBUG [code-generator,9aaf07e588718eae,9aaf07e588718eae,false] 32020 --- [http-nio-4044-exec-7] o.s.web.servlet.DispatcherServlet        : Null ModelAndView returned to DispatcherServlet with name 'dispatcherServlet': assuming HandlerAdapter completed request handling
2020-11-13 16:52:18.428 DEBUG [code-generator,9aaf07e588718eae,9aaf07e588718eae,false] 32020 --- [http-nio-4044-exec-7] o.s.web.servlet.DispatcherServlet        : Successfully completed request
2020-11-13 16:52:18.228 DEBUG [code-generator,b2bd85e588bea9e3,b2bd85e588bea9e3,false] 32020 --- [http-nio-4044-exec-8] o.s.web.servlet.DispatcherServlet        : Null ModelAndView returned to DispatcherServlet with name 'dispatcherServlet': assuming HandlerAdapter completed request handling
2020-11-13 16:52:18.429 DEBUG [code-generator,b2bd85e588bea9e3,b2bd85e588bea9e3,false] 32020 --- [http-nio-4044-exec-8] o.s.web.servlet.DispatcherServlet        : Successfully completed request
2020-11-13 16:52:18.429 DEBUG [code-generator,8b44bcfdd497c161,8b44bcfdd497c161,false] 32020 --- [http-nio-4044-exec-6] o.s.web.servlet.DispatcherServlet        : DispatcherServlet with name 'dispatcherServlet' processing GET request for [/webjars/springfox-swagger-ui/lib/highlight.9.1.0.pack_extended.js]
2020-11-13 16:52:18.430 DEBUG [code-generator,8b44bcfdd497c161,8b44bcfdd497c161,false] 32020 --- [http-nio-4044-exec-6] o.s.web.servlet.DispatcherServlet        : Last-Modified value for [/webjars/springfox-swagger-ui/lib/highlight.9.1.0.pack_extended.js] is: -1
2020-11-13 16:52:18.230 DEBUG [code-generator,c7a038ab63af3e37,c7a038ab63af3e37,false] 32020 --- [http-nio-4044-exec-5] o.s.web.servlet.DispatcherServlet        : Null ModelAndView returned to DispatcherServlet with name 'dispatcherServlet': assuming HandlerAdapter completed request handling
2020-11-13 16:52:18.432 DEBUG [code-generator,c7a038ab63af3e37,c7a038ab63af3e37,false] 32020 --- [http-nio-4044-exec-5] o.s.web.servlet.DispatcherServlet        : Successfully completed request
2020-11-13 16:52:18.437 DEBUG [code-generator,8b44bcfdd497c161,8b44bcfdd497c161,false] 32020 --- [http-nio-4044-exec-6] o.s.web.servlet.DispatcherServlet        : Null ModelAndView returned to DispatcherServlet with name 'dispatcherServlet': assuming HandlerAdapter completed request handling
2020-11-13 16:52:18.448 DEBUG [code-generator,8b44bcfdd497c161,8b44bcfdd497c161,false] 32020 --- [http-nio-4044-exec-6] o.s.web.servlet.DispatcherServlet        : Successfully completed request
2020-11-13 16:52:18.436 DEBUG [code-generator,2cc26bd8d7034b72,2cc26bd8d7034b72,false] 32020 --- [http-nio-4044-exec-7] o.s.web.servlet.DispatcherServlet        : DispatcherServlet with name 'dispatcherServlet' processing GET request for [/webjars/springfox-swagger-ui/lib/swagger-oauth.js]
2020-11-13 16:52:18.438 DEBUG [code-generator,23587cd0f3266ab1,23587cd0f3266ab1,false] 32020 --- [http-nio-4044-exec-4] o.s.web.servlet.DispatcherServlet        : DispatcherServlet with name 'dispatcherServlet' processing GET request for [/webjars/springfox-swagger-ui/lib/jsoneditor.min.js]
2020-11-13 16:52:18.439 DEBUG [code-generator,0a21ca8dddd50249,0a21ca8dddd50249,false] 32020 --- [http-nio-4044-exec-8] o.s.web.servlet.DispatcherServlet        : DispatcherServlet with name 'dispatcherServlet' processing GET request for [/webjars/springfox-swagger-ui/springfox.js]
2020-11-13 16:52:18.453 DEBUG [code-generator,2cc26bd8d7034b72,2cc26bd8d7034b72,false] 32020 --- [http-nio-4044-exec-7] o.s.web.servlet.DispatcherServlet        : Last-Modified value for [/webjars/springfox-swagger-ui/lib/swagger-oauth.js] is: -1
2020-11-13 16:52:18.453 DEBUG [code-generator,0a21ca8dddd50249,0a21ca8dddd50249,false] 32020 --- [http-nio-4044-exec-8] o.s.web.servlet.DispatcherServlet        : Last-Modified value for [/webjars/springfox-swagger-ui/springfox.js] is: -1
2020-11-13 16:52:18.441 DEBUG [code-generator,247ac2af97c177d1,247ac2af97c177d1,false] 32020 --- [http-nio-4044-exec-1] o.s.web.servlet.DispatcherServlet        : DispatcherServlet with name 'dispatcherServlet' processing GET request for [/webjars/springfox-swagger-ui/lib/highlight.9.1.0.pack.js]
2020-11-13 16:52:18.454 DEBUG [code-generator,247ac2af97c177d1,247ac2af97c177d1,false] 32020 --- [http-nio-4044-exec-1] o.s.web.servlet.DispatcherServlet        : Last-Modified value for [/webjars/springfox-swagger-ui/lib/highlight.9.1.0.pack.js] is: -1
2020-11-13 16:52:18.451 DEBUG [code-generator,23587cd0f3266ab1,23587cd0f3266ab1,false] 32020 --- [http-nio-4044-exec-4] o.s.web.servlet.DispatcherServlet        : Last-Modified value for [/webjars/springfox-swagger-ui/lib/jsoneditor.min.js] is: -1
2020-11-13 16:52:18.453 DEBUG [code-generator,2ec29c7c6ed87c28,2ec29c7c6ed87c28,false] 32020 --- [http-nio-4044-exec-5] o.s.web.servlet.DispatcherServlet        : DispatcherServlet with name 'dispatcherServlet' processing GET request for [/webjars/springfox-swagger-ui/lib/marked.js]
2020-11-13 16:52:18.455 DEBUG [code-generator,2ec29c7c6ed87c28,2ec29c7c6ed87c28,false] 32020 --- [http-nio-4044-exec-5] o.s.web.servlet.DispatcherServlet        : Last-Modified value for [/webjars/springfox-swagger-ui/lib/marked.js] is: -1
2020-11-13 16:52:18.467 DEBUG [code-generator,2ec29c7c6ed87c28,2ec29c7c6ed87c28,false] 32020 --- [http-nio-4044-exec-5] o.s.web.servlet.DispatcherServlet        : Null ModelAndView returned to DispatcherServlet with name 'dispatcherServlet': assuming HandlerAdapter completed request handling
2020-11-13 16:52:18.471 DEBUG [code-generator,0a21ca8dddd50249,0a21ca8dddd50249,false] 32020 --- [http-nio-4044-exec-8] o.s.web.servlet.DispatcherServlet        : Null ModelAndView returned to DispatcherServlet with name 'dispatcherServlet': assuming HandlerAdapter completed request handling
2020-11-13 16:52:18.474 DEBUG [code-generator,247ac2af97c177d1,247ac2af97c177d1,false] 32020 --- [http-nio-4044-exec-1] o.s.web.servlet.DispatcherServlet        : Null ModelAndView returned to DispatcherServlet with name 'dispatcherServlet': assuming HandlerAdapter completed request handling
2020-11-13 16:52:18.493 DEBUG [code-generator,2cc26bd8d7034b72,2cc26bd8d7034b72,false] 32020 --- [http-nio-4044-exec-7] o.s.web.servlet.DispatcherServlet        : Null ModelAndView returned to DispatcherServlet with name 'dispatcherServlet': assuming HandlerAdapter completed request handling
2020-11-13 16:52:18.507 DEBUG [code-generator,23587cd0f3266ab1,23587cd0f3266ab1,false] 32020 --- [http-nio-4044-exec-4] o.s.web.servlet.DispatcherServlet        : Null ModelAndView returned to DispatcherServlet with name 'dispatcherServlet': assuming HandlerAdapter completed request handling
2020-11-13 16:52:18.553 DEBUG [code-generator,2cc26bd8d7034b72,2cc26bd8d7034b72,false] 32020 --- [http-nio-4044-exec-7] o.s.web.servlet.DispatcherServlet        : Successfully completed request
2020-11-13 16:52:18.553 DEBUG [code-generator,2ec29c7c6ed87c28,2ec29c7c6ed87c28,false] 32020 --- [http-nio-4044-exec-5] o.s.web.servlet.DispatcherServlet        : Successfully completed request
2020-11-13 16:52:18.553 DEBUG [code-generator,0a21ca8dddd50249,0a21ca8dddd50249,false] 32020 --- [http-nio-4044-exec-8] o.s.web.servlet.DispatcherServlet        : Successfully completed request
2020-11-13 16:52:18.553 DEBUG [code-generator,247ac2af97c177d1,247ac2af97c177d1,false] 32020 --- [http-nio-4044-exec-1] o.s.web.servlet.DispatcherServlet        : Successfully completed request
2020-11-13 16:52:18.553 DEBUG [code-generator,23587cd0f3266ab1,23587cd0f3266ab1,false] 32020 --- [http-nio-4044-exec-4] o.s.web.servlet.DispatcherServlet        : Successfully completed request
2020-11-13 16:52:18.640 DEBUG [code-generator,99e2788114521df3,99e2788114521df3,false] 32020 --- [http-nio-4044-exec-10] o.s.web.servlet.DispatcherServlet        : DispatcherServlet with name 'dispatcherServlet' processing GET request for [/webjars/springfox-swagger-ui/css/print.css]
2020-11-13 16:52:18.641 DEBUG [code-generator,5883820fd44a2626,5883820fd44a2626,false] 32020 --- [http-nio-4044-exec-9] o.s.web.servlet.DispatcherServlet        : DispatcherServlet with name 'dispatcherServlet' processing GET request for [/webjars/springfox-swagger-ui/images/logo_small.png]
2020-11-13 16:52:18.641 DEBUG [code-generator,99e2788114521df3,99e2788114521df3,false] 32020 --- [http-nio-4044-exec-10] o.s.web.servlet.DispatcherServlet        : Last-Modified value for [/webjars/springfox-swagger-ui/css/print.css] is: -1
2020-11-13 16:52:18.641 DEBUG [code-generator,5883820fd44a2626,5883820fd44a2626,false] 32020 --- [http-nio-4044-exec-9] o.s.web.servlet.DispatcherServlet        : Last-Modified value for [/webjars/springfox-swagger-ui/images/logo_small.png] is: -1
2020-11-13 16:52:18.652 DEBUG [code-generator,5883820fd44a2626,5883820fd44a2626,false] 32020 --- [http-nio-4044-exec-9] o.s.web.servlet.DispatcherServlet        : Null ModelAndView returned to DispatcherServlet with name 'dispatcherServlet': assuming HandlerAdapter completed request handling
2020-11-13 16:52:18.652 DEBUG [code-generator,5883820fd44a2626,5883820fd44a2626,false] 32020 --- [http-nio-4044-exec-9] o.s.web.servlet.DispatcherServlet        : Successfully completed request
2020-11-13 16:52:18.655 DEBUG [code-generator,99e2788114521df3,99e2788114521df3,false] 32020 --- [http-nio-4044-exec-10] o.s.web.servlet.DispatcherServlet        : Null ModelAndView returned to DispatcherServlet with name 'dispatcherServlet': assuming HandlerAdapter completed request handling
2020-11-13 16:52:18.656 DEBUG [code-generator,99e2788114521df3,99e2788114521df3,false] 32020 --- [http-nio-4044-exec-10] o.s.web.servlet.DispatcherServlet        : Successfully completed request
2020-11-13 16:52:18.851 DEBUG [code-generator,08ed29ccc641c2e1,08ed29ccc641c2e1,false] 32020 --- [http-nio-4044-exec-2] o.s.web.servlet.DispatcherServlet        : DispatcherServlet with name 'dispatcherServlet' processing GET request for [/swagger-resources/configuration/ui]
2020-11-13 16:52:18.855 DEBUG [code-generator,08ed29ccc641c2e1,08ed29ccc641c2e1,false] 32020 --- [http-nio-4044-exec-2] o.s.web.servlet.DispatcherServlet        : Last-Modified value for [/swagger-resources/configuration/ui] is: -1
2020-11-13 16:52:18.952 DEBUG [code-generator,64c0012e7f07a3bb,64c0012e7f07a3bb,false] 32020 --- [http-nio-4044-exec-3] o.s.web.servlet.DispatcherServlet        : DispatcherServlet with name 'dispatcherServlet' processing GET request for [/webjars/springfox-swagger-ui/fonts/DroidSans-Bold.ttf]
2020-11-13 16:52:18.957 DEBUG [code-generator,64c0012e7f07a3bb,64c0012e7f07a3bb,false] 32020 --- [http-nio-4044-exec-3] o.s.web.servlet.DispatcherServlet        : Last-Modified value for [/webjars/springfox-swagger-ui/fonts/DroidSans-Bold.ttf] is: -1
2020-11-13 16:52:18.965 DEBUG [code-generator,a97a2ba640f7a112,a97a2ba640f7a112,false] 32020 --- [http-nio-4044-exec-6] o.s.web.servlet.DispatcherServlet        : DispatcherServlet with name 'dispatcherServlet' processing GET request for [/webjars/springfox-swagger-ui/fonts/DroidSans.ttf]
2020-11-13 16:52:18.966 DEBUG [code-generator,a97a2ba640f7a112,a97a2ba640f7a112,false] 32020 --- [http-nio-4044-exec-6] o.s.web.servlet.DispatcherServlet        : Last-Modified value for [/webjars/springfox-swagger-ui/fonts/DroidSans.ttf] is: -1
2020-11-13 16:52:18.978 DEBUG [code-generator,64c0012e7f07a3bb,64c0012e7f07a3bb,false] 32020 --- [http-nio-4044-exec-3] o.s.web.servlet.DispatcherServlet        : Null ModelAndView returned to DispatcherServlet with name 'dispatcherServlet': assuming HandlerAdapter completed request handling
2020-11-13 16:52:18.978 DEBUG [code-generator,64c0012e7f07a3bb,64c0012e7f07a3bb,false] 32020 --- [http-nio-4044-exec-3] o.s.web.servlet.DispatcherServlet        : Successfully completed request
2020-11-13 16:52:18.984 DEBUG [code-generator,a97a2ba640f7a112,a97a2ba640f7a112,false] 32020 --- [http-nio-4044-exec-6] o.s.web.servlet.DispatcherServlet        : Null ModelAndView returned to DispatcherServlet with name 'dispatcherServlet': assuming HandlerAdapter completed request handling
2020-11-13 16:52:18.985 DEBUG [code-generator,a97a2ba640f7a112,a97a2ba640f7a112,false] 32020 --- [http-nio-4044-exec-6] o.s.web.servlet.DispatcherServlet        : Successfully completed request
2020-11-13 16:52:19.065 DEBUG [code-generator,08ed29ccc641c2e1,08ed29ccc641c2e1,false] 32020 --- [http-nio-4044-exec-2] o.s.web.servlet.DispatcherServlet        : Null ModelAndView returned to DispatcherServlet with name 'dispatcherServlet': assuming HandlerAdapter completed request handling
2020-11-13 16:52:19.082 DEBUG [code-generator,08ed29ccc641c2e1,08ed29ccc641c2e1,false] 32020 --- [http-nio-4044-exec-2] o.s.web.servlet.DispatcherServlet        : Successfully completed request
2020-11-13 16:52:19.149 DEBUG [code-generator,4257d615b066a73f,4257d615b066a73f,false] 32020 --- [http-nio-4044-exec-5] o.s.web.servlet.DispatcherServlet        : DispatcherServlet with name 'dispatcherServlet' processing GET request for [/swagger-resources]
2020-11-13 16:52:19.149 DEBUG [code-generator,4257d615b066a73f,4257d615b066a73f,false] 32020 --- [http-nio-4044-exec-5] o.s.web.servlet.DispatcherServlet        : Last-Modified value for [/swagger-resources] is: -1
2020-11-13 16:52:19.165 DEBUG [code-generator,4257d615b066a73f,4257d615b066a73f,false] 32020 --- [http-nio-4044-exec-5] o.s.web.servlet.DispatcherServlet        : Null ModelAndView returned to DispatcherServlet with name 'dispatcherServlet': assuming HandlerAdapter completed request handling
2020-11-13 16:52:19.165 DEBUG [code-generator,4257d615b066a73f,4257d615b066a73f,false] 32020 --- [http-nio-4044-exec-5] o.s.web.servlet.DispatcherServlet        : Successfully completed request
2020-11-13 16:52:19.178 DEBUG [code-generator,c912a4d9350099b7,c912a4d9350099b7,false] 32020 --- [http-nio-4044-exec-8] o.s.web.servlet.DispatcherServlet        : DispatcherServlet with name 'dispatcherServlet' processing GET request for [/webjars/springfox-swagger-ui/images/favicon-32x32.png]
2020-11-13 16:52:19.180 DEBUG [code-generator,c912a4d9350099b7,c912a4d9350099b7,false] 32020 --- [http-nio-4044-exec-8] o.s.web.servlet.DispatcherServlet        : Last-Modified value for [/webjars/springfox-swagger-ui/images/favicon-32x32.png] is: -1
2020-11-13 16:52:19.190 DEBUG [code-generator,3cea39902d73269f,3cea39902d73269f,false] 32020 --- [http-nio-4044-exec-7] o.s.web.servlet.DispatcherServlet        : DispatcherServlet with name 'dispatcherServlet' processing GET request for [/v2/api-docs]
2020-11-13 16:52:19.190 DEBUG [code-generator,c912a4d9350099b7,c912a4d9350099b7,false] 32020 --- [http-nio-4044-exec-8] o.s.web.servlet.DispatcherServlet        : Null ModelAndView returned to DispatcherServlet with name 'dispatcherServlet': assuming HandlerAdapter completed request handling
2020-11-13 16:52:19.191 DEBUG [code-generator,3cea39902d73269f,3cea39902d73269f,false] 32020 --- [http-nio-4044-exec-7] o.s.web.servlet.DispatcherServlet        : Last-Modified value for [/v2/api-docs] is: -1
2020-11-13 16:52:19.191 DEBUG [code-generator,c912a4d9350099b7,c912a4d9350099b7,false] 32020 --- [http-nio-4044-exec-8] o.s.web.servlet.DispatcherServlet        : Successfully completed request
2020-11-13 16:52:19.667 DEBUG [code-generator,3cea39902d73269f,3cea39902d73269f,false] 32020 --- [http-nio-4044-exec-7] o.s.web.servlet.DispatcherServlet        : Null ModelAndView returned to DispatcherServlet with name 'dispatcherServlet': assuming HandlerAdapter completed request handling
2020-11-13 16:52:19.667 DEBUG [code-generator,3cea39902d73269f,3cea39902d73269f,false] 32020 --- [http-nio-4044-exec-7] o.s.web.servlet.DispatcherServlet        : Successfully completed request
2020-11-13 16:52:19.942 DEBUG [code-generator,6493aa68d3b76cfb,6493aa68d3b76cfb,false] 32020 --- [http-nio-4044-exec-2] o.s.web.servlet.DispatcherServlet        : DispatcherServlet with name 'dispatcherServlet' processing GET request for [/swagger-resources/configuration/security]
2020-11-13 16:52:19.942 DEBUG [code-generator,6493aa68d3b76cfb,6493aa68d3b76cfb,false] 32020 --- [http-nio-4044-exec-2] o.s.web.servlet.DispatcherServlet        : Last-Modified value for [/swagger-resources/configuration/security] is: -1
2020-11-13 16:52:19.950 DEBUG [code-generator,6493aa68d3b76cfb,6493aa68d3b76cfb,false] 32020 --- [http-nio-4044-exec-2] o.s.web.servlet.DispatcherServlet        : Null ModelAndView returned to DispatcherServlet with name 'dispatcherServlet': assuming HandlerAdapter completed request handling
2020-11-13 16:52:19.950 DEBUG [code-generator,6493aa68d3b76cfb,6493aa68d3b76cfb,false] 32020 --- [http-nio-4044-exec-2] o.s.web.servlet.DispatcherServlet        : Successfully completed request
2020-11-13 16:54:06.635 DEBUG [code-generator,0b5bdf3253f1cda6,0b5bdf3253f1cda6,false] 32020 --- [http-nio-4044-exec-8] o.s.web.servlet.DispatcherServlet        : DispatcherServlet with name 'dispatcherServlet' processing POST request for [/develophelp/connection]
2020-11-13 16:54:06.638 DEBUG [code-generator,e91da788ca5cbeba,e91da788ca5cbeba,false] 32020 --- [http-nio-4044-exec-7] o.s.web.servlet.DispatcherServlet        : DispatcherServlet with name 'dispatcherServlet' processing GET request for [/webjars/springfox-swagger-ui/images/throbber.gif]
2020-11-13 16:54:06.641 DEBUG [code-generator,e91da788ca5cbeba,e91da788ca5cbeba,false] 32020 --- [http-nio-4044-exec-7] o.s.web.servlet.DispatcherServlet        : Last-Modified value for [/webjars/springfox-swagger-ui/images/throbber.gif] is: -1
2020-11-13 16:54:06.666 DEBUG [code-generator,e91da788ca5cbeba,e91da788ca5cbeba,false] 32020 --- [http-nio-4044-exec-7] o.s.web.servlet.DispatcherServlet        : Null ModelAndView returned to DispatcherServlet with name 'dispatcherServlet': assuming HandlerAdapter completed request handling
2020-11-13 16:54:06.666 DEBUG [code-generator,e91da788ca5cbeba,e91da788ca5cbeba,false] 32020 --- [http-nio-4044-exec-7] o.s.web.servlet.DispatcherServlet        : Successfully completed request
2020-11-13 16:54:06.818  INFO [code-generator,0b5bdf3253f1cda6,0b5bdf3253f1cda6,false] 32020 --- [http-nio-4044-exec-8] o.s.j.d.DriverManagerDataSource          : Loaded JDBC driver: com.mysql.jdbc.Driver
2020-11-13 16:54:07.849 DEBUG [code-generator,0b5bdf3253f1cda6,0b5bdf3253f1cda6,false] 32020 --- [http-nio-4044-exec-8] o.s.web.servlet.DispatcherServlet        : Null ModelAndView returned to DispatcherServlet with name 'dispatcherServlet': assuming HandlerAdapter completed request handling
2020-11-13 16:54:07.849 DEBUG [code-generator,0b5bdf3253f1cda6,0b5bdf3253f1cda6,false] 32020 --- [http-nio-4044-exec-8] o.s.web.servlet.DispatcherServlet        : Successfully completed request
2020-11-13 16:56:54.100 DEBUG [code-generator,d27800f7545a645d,d27800f7545a645d,false] 32020 --- [http-nio-4044-exec-1] o.s.web.servlet.DispatcherServlet        : DispatcherServlet with name 'dispatcherServlet' processing POST request for [/develophelp/connection]
2020-11-13 16:56:54.102  INFO [code-generator,d27800f7545a645d,d27800f7545a645d,false] 32020 --- [http-nio-4044-exec-1] o.s.j.d.DriverManagerDataSource          : Loaded JDBC driver: com.mysql.jdbc.Driver
2020-11-13 16:56:54.623 DEBUG [code-generator,d27800f7545a645d,d27800f7545a645d,false] 32020 --- [http-nio-4044-exec-1] o.s.web.servlet.DispatcherServlet        : Null ModelAndView returned to DispatcherServlet with name 'dispatcherServlet': assuming HandlerAdapter completed request handling
2020-11-13 16:56:54.624 DEBUG [code-generator,d27800f7545a645d,d27800f7545a645d,false] 32020 --- [http-nio-4044-exec-1] o.s.web.servlet.DispatcherServlet        : Successfully completed request
2020-11-13 17:00:52.843 DEBUG [code-generator,a5c7bd53a47f3e49,a5c7bd53a47f3e49,false] 32020 --- [http-nio-4044-exec-2] o.s.web.servlet.DispatcherServlet        : DispatcherServlet with name 'dispatcherServlet' processing POST request for [/develophelp/downloadBeans]
2020-11-13 17:00:52.849  INFO [code-generator,a5c7bd53a47f3e49,a5c7bd53a47f3e49,false] 32020 --- [http-nio-4044-exec-2] o.s.j.d.DriverManagerDataSource          : Loaded JDBC driver: com.mysql.jdbc.Driver
2020-11-13 17:00:54.285  INFO [code-generator,a5c7bd53a47f3e49,a5c7bd53a47f3e49,false] 32020 --- [http-nio-4044-exec-2] o.s.j.d.DriverManagerDataSource          : Loaded JDBC driver: com.mysql.jdbc.Driver
2020-11-13 17:00:54.962  INFO [code-generator,a5c7bd53a47f3e49,a5c7bd53a47f3e49,false] 32020 --- [http-nio-4044-exec-2] o.s.j.d.DriverManagerDataSource          : Loaded JDBC driver: com.mysql.jdbc.Driver
2020-11-13 17:00:55.637  INFO [code-generator,a5c7bd53a47f3e49,a5c7bd53a47f3e49,false] 32020 --- [http-nio-4044-exec-2] o.s.j.d.DriverManagerDataSource          : Loaded JDBC driver: com.mysql.jdbc.Driver
2020-11-13 17:00:56.349  INFO [code-generator,a5c7bd53a47f3e49,a5c7bd53a47f3e49,false] 32020 --- [http-nio-4044-exec-2] o.s.j.d.DriverManagerDataSource          : Loaded JDBC driver: com.mysql.jdbc.Driver
2020-11-13 17:00:57.209  INFO [code-generator,a5c7bd53a47f3e49,a5c7bd53a47f3e49,false] 32020 --- [http-nio-4044-exec-2] o.s.j.d.DriverManagerDataSource          : Loaded JDBC driver: com.mysql.jdbc.Driver
2020-11-13 17:00:57.944  INFO [code-generator,a5c7bd53a47f3e49,a5c7bd53a47f3e49,false] 32020 --- [http-nio-4044-exec-2] o.s.j.d.DriverManagerDataSource          : Loaded JDBC driver: com.mysql.jdbc.Driver
2020-11-13 17:00:58.683  INFO [code-generator,a5c7bd53a47f3e49,a5c7bd53a47f3e49,false] 32020 --- [http-nio-4044-exec-2] o.s.j.d.DriverManagerDataSource          : Loaded JDBC driver: com.mysql.jdbc.Driver
2020-11-13 17:00:59.605  INFO [code-generator,a5c7bd53a47f3e49,a5c7bd53a47f3e49,false] 32020 --- [http-nio-4044-exec-2] o.s.j.d.DriverManagerDataSource          : Loaded JDBC driver: com.mysql.jdbc.Driver
2020-11-13 17:01:00.255  INFO [code-generator,a5c7bd53a47f3e49,a5c7bd53a47f3e49,false] 32020 --- [http-nio-4044-exec-2] o.s.j.d.DriverManagerDataSource          : Loaded JDBC driver: com.mysql.jdbc.Driver
2020-11-13 17:01:01.353 DEBUG [code-generator,a5c7bd53a47f3e49,a5c7bd53a47f3e49,false] 32020 --- [http-nio-4044-exec-2] o.s.web.servlet.DispatcherServlet        : Null ModelAndView returned to DispatcherServlet with name 'dispatcherServlet': assuming HandlerAdapter completed request handling
2020-11-13 17:01:01.353 DEBUG [code-generator,a5c7bd53a47f3e49,a5c7bd53a47f3e49,false] 32020 --- [http-nio-4044-exec-2] o.s.web.servlet.DispatcherServlet        : Successfully completed request
2021-01-27 17:14:06.998  INFO [code-generator,,,] 7448 --- [main] c.c.c.ConfigServicePropertySourceLocator : Fetching config from server at: http://localhost:8888
2021-01-27 17:14:08.368  WARN [code-generator,,,] 7448 --- [main] c.c.c.ConfigServicePropertySourceLocator : Could not locate PropertySource: I/O error on GET request for "http://localhost:8888/code-generator/default": Connection refused: connect; nested exception is java.net.ConnectException: Connection refused: connect
2021-01-27 17:14:08.371  INFO [code-generator,,,] 7448 --- [main] com.aspire.CodeGeneratorApplication      : No active profile set, falling back to default profiles: default
2021-01-27 17:14:08.422  INFO [code-generator,,,] 7448 --- [main] ationConfigEmbeddedWebApplicationContext : Refreshing org.springframework.boot.context.embedded.AnnotationConfigEmbeddedWebApplicationContext@26ae880a: startup date [Wed Jan 27 17:14:08 CST 2021]; parent: org.springframework.context.annotation.AnnotationConfigApplicationContext@2da59753
2021-01-27 17:14:11.229  WARN [code-generator,,,] 7448 --- [main] o.m.s.mapper.ClassPathMapperScanner      : No MyBatis mapper was found in '[com.aspire]' package. Please check your configuration.
2021-01-27 17:14:11.820  INFO [code-generator,,,] 7448 --- [main] o.s.cloud.context.scope.GenericScope     : BeanFactory id=78edc86d-fd84-30bc-9d20-21be45f0f211
2021-01-27 17:14:11.896  INFO [code-generator,,,] 7448 --- [main] f.a.AutowiredAnnotationBeanPostProcessor : JSR-330 'javax.inject.Inject' annotation found and supported for autowiring
2021-01-27 17:14:12.267  INFO [code-generator,,,] 7448 --- [main] trationDelegate$BeanPostProcessorChecker : Bean 'org.springframework.cloud.sleuth.instrument.async.AsyncDefaultAutoConfiguration$DefaultAsyncConfigurerSupport' of type [org.springframework.cloud.sleuth.instrument.async.AsyncDefaultAutoConfiguration$DefaultAsyncConfigurerSupport$$EnhancerBySpringCGLIB$$4b550f8e] is not eligible for getting processed by all BeanPostProcessors (for example: not eligible for auto-proxying)
2021-01-27 17:14:12.535  INFO [code-generator,,,] 7448 --- [main] trationDelegate$BeanPostProcessorChecker : Bean 'org.springframework.cloud.sleuth.annotation.SleuthAnnotationAutoConfiguration' of type [org.springframework.cloud.sleuth.annotation.SleuthAnnotationAutoConfiguration$$EnhancerBySpringCGLIB$$1078b7fd] is not eligible for getting processed by all BeanPostProcessors (for example: not eligible for auto-proxying)
2021-01-27 17:14:13.151  INFO [code-generator,,,] 7448 --- [main] trationDelegate$BeanPostProcessorChecker : Bean 'sleuthAdvisorConfig' of type [org.springframework.cloud.sleuth.annotation.SleuthAdvisorConfig] is not eligible for getting processed by all BeanPostProcessors (for example: not eligible for auto-proxying)
2021-01-27 17:14:13.165  INFO [code-generator,,,] 7448 --- [main] trationDelegate$BeanPostProcessorChecker : Bean 'org.springframework.transaction.annotation.ProxyTransactionManagementConfiguration' of type [org.springframework.transaction.annotation.ProxyTransactionManagementConfiguration$$EnhancerBySpringCGLIB$$e1371cb] is not eligible for getting processed by all BeanPostProcessors (for example: not eligible for auto-proxying)
2021-01-27 17:14:13.294  INFO [code-generator,,,] 7448 --- [main] trationDelegate$BeanPostProcessorChecker : Bean 'org.springframework.cloud.autoconfigure.ConfigurationPropertiesRebinderAutoConfiguration' of type [org.springframework.cloud.autoconfigure.ConfigurationPropertiesRebinderAutoConfiguration$$EnhancerBySpringCGLIB$$2a2d74c8] is not eligible for getting processed by all BeanPostProcessors (for example: not eligible for auto-proxying)
2021-01-27 17:14:13.338  INFO [code-generator,,,] 7448 --- [main] trationDelegate$BeanPostProcessorChecker : Bean 'org.springframework.cloud.sleuth.instrument.async.AsyncDefaultAutoConfiguration' of type [org.springframework.cloud.sleuth.instrument.async.AsyncDefaultAutoConfiguration$$EnhancerBySpringCGLIB$$f5f71dea] is not eligible for getting processed by all BeanPostProcessors (for example: not eligible for auto-proxying)
2021-01-27 17:14:13.417  INFO [code-generator,,,] 7448 --- [main] trationDelegate$BeanPostProcessorChecker : Bean 'org.springframework.cloud.sleuth.instrument.web.client.TraceWebClientAutoConfiguration$TraceOAuthConfiguration' of type [org.springframework.cloud.sleuth.instrument.web.client.TraceWebClientAutoConfiguration$TraceOAuthConfiguration$$EnhancerBySpringCGLIB$$5310042a] is not eligible for getting processed by all BeanPostProcessors (for example: not eligible for auto-proxying)
2021-01-27 17:14:16.889  INFO [code-generator,,,] 7448 --- [main] s.b.c.e.t.TomcatEmbeddedServletContainer : Tomcat initialized with port(s): 4044 (http)
2021-01-27 17:14:16.944  INFO [code-generator,,,] 7448 --- [main] o.apache.catalina.core.StandardService   : Starting service [Tomcat]
2021-01-27 17:14:16.957  INFO [code-generator,,,] 7448 --- [main] org.apache.catalina.core.StandardEngine  : Starting Servlet Engine: Apache Tomcat/8.5.20
2021-01-27 17:14:17.899  INFO [code-generator,,,] 7448 --- [localhost-startStop-1] o.a.c.c.C.[Tomcat].[localhost].[/]       : Initializing Spring embedded WebApplicationContext
2021-01-27 17:14:17.900  INFO [code-generator,,,] 7448 --- [localhost-startStop-1] o.s.web.context.ContextLoader            : Root WebApplicationContext: initialization completed in 9478 ms
2021-01-27 17:14:19.018  INFO [code-generator,,,] 7448 --- [localhost-startStop-1] o.s.b.w.servlet.FilterRegistrationBean   : Mapping filter: 'characterEncodingFilter' to: [/*]
2021-01-27 17:14:19.020  INFO [code-generator,,,] 7448 --- [localhost-startStop-1] o.s.b.w.servlet.FilterRegistrationBean   : Mapping filter: 'traceFilter' to: [/*]
2021-01-27 17:14:19.021  INFO [code-generator,,,] 7448 --- [localhost-startStop-1] o.s.b.w.servlet.FilterRegistrationBean   : Mapping filter: 'hiddenHttpMethodFilter' to: [/*]
2021-01-27 17:14:19.021  INFO [code-generator,,,] 7448 --- [localhost-startStop-1] o.s.b.w.servlet.FilterRegistrationBean   : Mapping filter: 'httpPutFormContentFilter' to: [/*]
2021-01-27 17:14:19.021  INFO [code-generator,,,] 7448 --- [localhost-startStop-1] o.s.b.w.servlet.FilterRegistrationBean   : Mapping filter: 'requestContextFilter' to: [/*]
2021-01-27 17:14:19.021  INFO [code-generator,,,] 7448 --- [localhost-startStop-1] o.s.b.w.servlet.ServletRegistrationBean  : Mapping servlet: 'dispatcherServlet' to [/]
2021-01-27 17:14:22.624  INFO [code-generator,,,] 7448 --- [main] s.w.s.m.m.a.RequestMappingHandlerMapping : Mapped "{[/develophelp/connection],methods=[POST]}" onto public java.util.List<java.lang.String> com.aspire.code.generator.controller.CodeGeneratorController.connection(java.util.Map<java.lang.String, java.lang.Object>) throws java.lang.Exception
2021-01-27 17:14:22.626  INFO [code-generator,,,] 7448 --- [main] s.w.s.m.m.a.RequestMappingHandlerMapping : Mapped "{[/develophelp/generator/curd],methods=[POST]}" onto public java.lang.String com.aspire.code.generator.controller.CodeGeneratorController.generatorCURD(java.util.Map<java.lang.String, java.lang.Object>)
2021-01-27 17:14:22.626  INFO [code-generator,,,] 7448 --- [main] s.w.s.m.m.a.RequestMappingHandlerMapping : Mapped "{[/develophelp/downloadBeans],methods=[POST]}" onto public void com.aspire.code.generator.controller.CodeGeneratorController.generatorCode(java.util.Map<java.lang.String, java.lang.Object>,javax.servlet.http.HttpServletResponse) throws java.lang.Exception
2021-01-27 17:14:22.629  INFO [code-generator,,,] 7448 --- [main] s.w.s.m.m.a.RequestMappingHandlerMapping : Mapped "{[/v2/api-docs],methods=[GET],produces=[application/json || application/hal+json]}" onto public org.springframework.http.ResponseEntity<springfox.documentation.spring.web.json.Json> springfox.documentation.swagger2.web.Swagger2Controller.getDocumentation(java.lang.String,javax.servlet.http.HttpServletRequest)
2021-01-27 17:14:22.634  INFO [code-generator,,,] 7448 --- [main] s.w.s.m.m.a.RequestMappingHandlerMapping : Mapped "{[/swagger-resources/configuration/security]}" onto org.springframework.http.ResponseEntity<springfox.documentation.swagger.web.SecurityConfiguration> springfox.documentation.swagger.web.ApiResourceController.securityConfiguration()
2021-01-27 17:14:22.635  INFO [code-generator,,,] 7448 --- [main] s.w.s.m.m.a.RequestMappingHandlerMapping : Mapped "{[/swagger-resources/configuration/ui]}" onto org.springframework.http.ResponseEntity<springfox.documentation.swagger.web.UiConfiguration> springfox.documentation.swagger.web.ApiResourceController.uiConfiguration()
2021-01-27 17:14:22.636  INFO [code-generator,,,] 7448 --- [main] s.w.s.m.m.a.RequestMappingHandlerMapping : Mapped "{[/swagger-resources]}" onto org.springframework.http.ResponseEntity<java.util.List<springfox.documentation.swagger.web.SwaggerResource>> springfox.documentation.swagger.web.ApiResourceController.swaggerResources()
2021-01-27 17:14:22.640  INFO [code-generator,,,] 7448 --- [main] s.w.s.m.m.a.RequestMappingHandlerMapping : Mapped "{[/error]}" onto public org.springframework.http.ResponseEntity<java.util.Map<java.lang.String, java.lang.Object>> org.springframework.boot.autoconfigure.web.BasicErrorController.error(javax.servlet.http.HttpServletRequest)
2021-01-27 17:14:22.641  INFO [code-generator,,,] 7448 --- [main] s.w.s.m.m.a.RequestMappingHandlerMapping : Mapped "{[/error],produces=[text/html]}" onto public org.springframework.web.servlet.ModelAndView org.springframework.boot.autoconfigure.web.BasicErrorController.errorHtml(javax.servlet.http.HttpServletRequest,javax.servlet.http.HttpServletResponse)
2021-01-27 17:14:24.781  WARN [code-generator,,,] 7448 --- [main] c.n.c.sources.URLConfigurationSource     : No URLs will be polled as dynamic configuration sources.
2021-01-27 17:14:24.781  INFO [code-generator,,,] 7448 --- [main] c.n.c.sources.URLConfigurationSource     : To enable URLs as dynamic configuration sources, define System property archaius.configurationSource.additionalUrls or make config.properties available on classpath.
2021-01-27 17:14:24.854  WARN [code-generator,,,] 7448 --- [main] c.n.c.sources.URLConfigurationSource     : No URLs will be polled as dynamic configuration sources.
2021-01-27 17:14:24.854  INFO [code-generator,,,] 7448 --- [main] c.n.c.sources.URLConfigurationSource     : To enable URLs as dynamic configuration sources, define System property archaius.configurationSource.additionalUrls or make config.properties available on classpath.
2021-01-27 17:14:26.095  INFO [code-generator,,,] 7448 --- [main] s.w.s.m.m.a.RequestMappingHandlerAdapter : Looking for @ControllerAdvice: org.springframework.boot.context.embedded.AnnotationConfigEmbeddedWebApplicationContext@26ae880a: startup date [Wed Jan 27 17:14:08 CST 2021]; parent: org.springframework.context.annotation.AnnotationConfigApplicationContext@2da59753
2021-01-27 17:14:26.406  INFO [code-generator,,,] 7448 --- [main] o.s.w.s.handler.SimpleUrlHandlerMapping  : Mapped URL path [/swagger-ui.html] onto handler of type [class org.springframework.web.servlet.resource.ResourceHttpRequestHandler]
2021-01-27 17:14:26.406  INFO [code-generator,,,] 7448 --- [main] o.s.w.s.handler.SimpleUrlHandlerMapping  : Mapped URL path [/webjars/**] onto handler of type [class org.springframework.web.servlet.resource.ResourceHttpRequestHandler]
2021-01-27 17:14:26.407  INFO [code-generator,,,] 7448 --- [main] o.s.w.s.handler.SimpleUrlHandlerMapping  : Mapped URL path [/**] onto handler of type [class org.springframework.web.servlet.resource.ResourceHttpRequestHandler]
2021-01-27 17:14:26.641  INFO [code-generator,,,] 7448 --- [main] o.s.w.s.handler.SimpleUrlHandlerMapping  : Mapped URL path [/**/favicon.ico] onto handler of type [class org.springframework.web.servlet.resource.ResourceHttpRequestHandler]
2021-01-27 17:14:29.138  INFO [code-generator,,,] 7448 --- [main] o.s.w.s.v.f.FreeMarkerConfigurer         : ClassTemplateLoader for Spring macros added to FreeMarker configuration
2021-01-27 17:14:32.282  INFO [code-generator,,,] 7448 --- [main] o.s.s.c.ThreadPoolTaskScheduler          : Initializing ExecutorService 
2021-01-27 17:14:32.706  INFO [code-generator,,,] 7448 --- [main] o.s.j.e.a.AnnotationMBeanExporter        : Registering beans for JMX exposure on startup
2021-01-27 17:14:32.736  INFO [code-generator,,,] 7448 --- [main] o.s.j.e.a.AnnotationMBeanExporter        : Bean with name 'environmentManager' has been autodetected for JMX exposure
2021-01-27 17:14:32.738  INFO [code-generator,,,] 7448 --- [main] o.s.j.e.a.AnnotationMBeanExporter        : Bean with name 'configurationPropertiesRebinder' has been autodetected for JMX exposure
2021-01-27 17:14:32.740  INFO [code-generator,,,] 7448 --- [main] o.s.j.e.a.AnnotationMBeanExporter        : Bean with name 'refreshScope' has been autodetected for JMX exposure
2021-01-27 17:14:32.743  INFO [code-generator,,,] 7448 --- [main] o.s.j.e.a.AnnotationMBeanExporter        : Located managed bean 'environmentManager': registering with JMX server as MBean [org.springframework.cloud.context.environment:name=environmentManager,type=EnvironmentManager]
2021-01-27 17:14:32.794  INFO [code-generator,,,] 7448 --- [main] o.s.j.e.a.AnnotationMBeanExporter        : Located managed bean 'refreshScope': registering with JMX server as MBean [org.springframework.cloud.context.scope.refresh:name=refreshScope,type=RefreshScope]
2021-01-27 17:14:32.813  INFO [code-generator,,,] 7448 --- [main] o.s.j.e.a.AnnotationMBeanExporter        : Located managed bean 'configurationPropertiesRebinder': registering with JMX server as MBean [org.springframework.cloud.context.properties:name=configurationPropertiesRebinder,context=26ae880a,type=ConfigurationPropertiesRebinder]
2021-01-27 17:14:33.031  INFO [code-generator,,,] 7448 --- [main] o.s.c.support.DefaultLifecycleProcessor  : Starting beans in phase 2147483647
2021-01-27 17:14:33.047  INFO [code-generator,,,] 7448 --- [main] d.s.w.p.DocumentationPluginsBootstrapper : Context refreshed
2021-01-27 17:14:33.162  INFO [code-generator,,,] 7448 --- [main] d.s.w.p.DocumentationPluginsBootstrapper : Found 1 custom documentation plugin(s)
2021-01-27 17:14:33.230  INFO [code-generator,,,] 7448 --- [main] s.d.s.w.s.ApiListingReferenceScanner     : Scanning for api listing references
2021-01-27 17:14:33.613  INFO [code-generator,,,] 7448 --- [main] s.b.c.e.t.TomcatEmbeddedServletContainer : Tomcat started on port(s): 4044 (http)
2021-01-27 17:14:33.618  INFO [code-generator,,,] 7448 --- [main] com.aspire.CodeGeneratorApplication      : Started CodeGeneratorApplication in 30.853 seconds (JVM running for 37.945)
2021-01-27 17:16:30.711 DEBUG [code-generator,,,] 7448 --- [http-nio-4044-exec-1] o.s.web.servlet.DispatcherServlet        : Initializing servlet 'dispatcherServlet'
2021-01-27 17:16:30.712  INFO [code-generator,,,] 7448 --- [http-nio-4044-exec-1] o.a.c.c.C.[Tomcat].[localhost].[/]       : Initializing Spring FrameworkServlet 'dispatcherServlet'
2021-01-27 17:16:30.713  INFO [code-generator,,,] 7448 --- [http-nio-4044-exec-1] o.s.web.servlet.DispatcherServlet        : FrameworkServlet 'dispatcherServlet': initialization started
2021-01-27 17:16:30.713 DEBUG [code-generator,,,] 7448 --- [http-nio-4044-exec-1] o.s.web.servlet.DispatcherServlet        : Using MultipartResolver [org.springframework.web.multipart.support.StandardServletMultipartResolver@7fa7a660]
2021-01-27 17:16:30.732 DEBUG [code-generator,,,] 7448 --- [http-nio-4044-exec-1] o.s.web.servlet.DispatcherServlet        : Unable to locate LocaleResolver with name 'localeResolver': using default [org.springframework.web.servlet.i18n.AcceptHeaderLocaleResolver@368af459]
2021-01-27 17:16:30.749 DEBUG [code-generator,,,] 7448 --- [http-nio-4044-exec-1] o.s.web.servlet.DispatcherServlet        : Unable to locate ThemeResolver with name 'themeResolver': using default [org.springframework.web.servlet.theme.FixedThemeResolver@7e2b793d]
2021-01-27 17:16:30.781 DEBUG [code-generator,,,] 7448 --- [http-nio-4044-exec-1] o.s.web.servlet.DispatcherServlet        : Unable to locate RequestToViewNameTranslator with name 'viewNameTranslator': using default [org.springframework.web.servlet.view.DefaultRequestToViewNameTranslator@357a31f7]
2021-01-27 17:16:30.829 DEBUG [code-generator,,,] 7448 --- [http-nio-4044-exec-1] o.s.web.servlet.DispatcherServlet        : Unable to locate FlashMapManager with name 'flashMapManager': using default [org.springframework.web.servlet.support.SessionFlashMapManager@4bdb16da]
2021-01-27 17:16:30.829 DEBUG [code-generator,,,] 7448 --- [http-nio-4044-exec-1] o.s.web.servlet.DispatcherServlet        : Published WebApplicationContext of servlet 'dispatcherServlet' as ServletContext attribute with name [org.springframework.web.servlet.FrameworkServlet.CONTEXT.dispatcherServlet]
2021-01-27 17:16:30.829  INFO [code-generator,,,] 7448 --- [http-nio-4044-exec-1] o.s.web.servlet.DispatcherServlet        : FrameworkServlet 'dispatcherServlet': initialization completed in 116 ms
2021-01-27 17:16:30.829 DEBUG [code-generator,,,] 7448 --- [http-nio-4044-exec-1] o.s.web.servlet.DispatcherServlet        : Servlet 'dispatcherServlet' configured successfully
2021-01-27 17:16:30.857 DEBUG [code-generator,b0c8fb80c220ac9a,b0c8fb80c220ac9a,false] 7448 --- [http-nio-4044-exec-1] o.s.web.servlet.DispatcherServlet        : DispatcherServlet with name 'dispatcherServlet' processing POST request for [/develophelp/connection]
2021-01-27 17:16:31.035 DEBUG [code-generator,b0c8fb80c220ac9a,b0c8fb80c220ac9a,false] 7448 --- [http-nio-4044-exec-1] o.s.web.servlet.DispatcherServlet        : Null ModelAndView returned to DispatcherServlet with name 'dispatcherServlet': assuming HandlerAdapter completed request handling
2021-01-27 17:16:31.037 DEBUG [code-generator,b0c8fb80c220ac9a,b0c8fb80c220ac9a,false] 7448 --- [http-nio-4044-exec-1] o.s.web.servlet.DispatcherServlet        : Successfully completed request
2021-01-27 17:16:31.051 DEBUG [code-generator,3dcb9a7a7e20ecbe,3dcb9a7a7e20ecbe,false] 7448 --- [http-nio-4044-exec-1] o.s.web.servlet.DispatcherServlet        : DispatcherServlet with name 'dispatcherServlet' processing POST request for [/error]
2021-01-27 17:16:31.233 DEBUG [code-generator,3dcb9a7a7e20ecbe,3dcb9a7a7e20ecbe,false] 7448 --- [http-nio-4044-exec-1] o.s.web.servlet.DispatcherServlet        : Null ModelAndView returned to DispatcherServlet with name 'dispatcherServlet': assuming HandlerAdapter completed request handling
2021-01-27 17:16:31.233 DEBUG [code-generator,3dcb9a7a7e20ecbe,3dcb9a7a7e20ecbe,false] 7448 --- [http-nio-4044-exec-1] o.s.web.servlet.DispatcherServlet        : Successfully completed request
2021-01-27 17:18:29.790 DEBUG [code-generator,487f8f6c1cdee68d,487f8f6c1cdee68d,false] 7448 --- [http-nio-4044-exec-9] o.s.web.servlet.DispatcherServlet        : DispatcherServlet with name 'dispatcherServlet' processing POST request for [/develophelp/connection]
2021-01-27 17:18:29.863  INFO [code-generator,487f8f6c1cdee68d,487f8f6c1cdee68d,false] 7448 --- [http-nio-4044-exec-9] o.s.j.d.DriverManagerDataSource          : Loaded JDBC driver: com.mysql.jdbc.Driver
2021-01-27 17:18:30.554 DEBUG [code-generator,487f8f6c1cdee68d,487f8f6c1cdee68d,false] 7448 --- [http-nio-4044-exec-9] o.s.web.servlet.DispatcherServlet        : Null ModelAndView returned to DispatcherServlet with name 'dispatcherServlet': assuming HandlerAdapter completed request handling
2021-01-27 17:18:30.555 DEBUG [code-generator,487f8f6c1cdee68d,487f8f6c1cdee68d,false] 7448 --- [http-nio-4044-exec-9] o.s.web.servlet.DispatcherServlet        : Successfully completed request
2021-01-27 17:25:20.735 DEBUG [code-generator,5fd5b3b3110baf3d,5fd5b3b3110baf3d,false] 7448 --- [http-nio-4044-exec-5] o.s.web.servlet.DispatcherServlet        : DispatcherServlet with name 'dispatcherServlet' processing POST request for [/develophelp/downloadBeans]
2021-01-27 17:25:20.738  INFO [code-generator,5fd5b3b3110baf3d,5fd5b3b3110baf3d,false] 7448 --- [http-nio-4044-exec-5] o.s.j.d.DriverManagerDataSource          : Loaded JDBC driver: com.mysql.jdbc.Driver
2021-01-27 17:25:21.733  INFO [code-generator,5fd5b3b3110baf3d,5fd5b3b3110baf3d,false] 7448 --- [http-nio-4044-exec-5] o.s.j.d.DriverManagerDataSource          : Loaded JDBC driver: com.mysql.jdbc.Driver
2021-01-27 17:25:21.890  INFO [code-generator,5fd5b3b3110baf3d,5fd5b3b3110baf3d,false] 7448 --- [http-nio-4044-exec-5] o.s.j.d.DriverManagerDataSource          : Loaded JDBC driver: com.mysql.jdbc.Driver
2021-01-27 17:25:22.051  INFO [code-generator,5fd5b3b3110baf3d,5fd5b3b3110baf3d,false] 7448 --- [http-nio-4044-exec-5] o.s.j.d.DriverManagerDataSource          : Loaded JDBC driver: com.mysql.jdbc.Driver
2021-01-27 17:25:22.226  INFO [code-generator,5fd5b3b3110baf3d,5fd5b3b3110baf3d,false] 7448 --- [http-nio-4044-exec-5] o.s.j.d.DriverManagerDataSource          : Loaded JDBC driver: com.mysql.jdbc.Driver
2021-01-27 17:25:22.381  INFO [code-generator,5fd5b3b3110baf3d,5fd5b3b3110baf3d,false] 7448 --- [http-nio-4044-exec-5] o.s.j.d.DriverManagerDataSource          : Loaded JDBC driver: com.mysql.jdbc.Driver
2021-01-27 17:25:22.537  INFO [code-generator,5fd5b3b3110baf3d,5fd5b3b3110baf3d,false] 7448 --- [http-nio-4044-exec-5] o.s.j.d.DriverManagerDataSource          : Loaded JDBC driver: com.mysql.jdbc.Driver
2021-01-27 17:25:22.692  INFO [code-generator,5fd5b3b3110baf3d,5fd5b3b3110baf3d,false] 7448 --- [http-nio-4044-exec-5] o.s.j.d.DriverManagerDataSource          : Loaded JDBC driver: com.mysql.jdbc.Driver
2021-01-27 17:25:22.845  INFO [code-generator,5fd5b3b3110baf3d,5fd5b3b3110baf3d,false] 7448 --- [http-nio-4044-exec-5] o.s.j.d.DriverManagerDataSource          : Loaded JDBC driver: com.mysql.jdbc.Driver
2021-01-27 17:25:22.993  INFO [code-generator,5fd5b3b3110baf3d,5fd5b3b3110baf3d,false] 7448 --- [http-nio-4044-exec-5] o.s.j.d.DriverManagerDataSource          : Loaded JDBC driver: com.mysql.jdbc.Driver
2021-01-27 17:25:23.688 DEBUG [code-generator,5fd5b3b3110baf3d,5fd5b3b3110baf3d,false] 7448 --- [http-nio-4044-exec-5] o.s.web.servlet.DispatcherServlet        : Null ModelAndView returned to DispatcherServlet with name 'dispatcherServlet': assuming HandlerAdapter completed request handling
2021-01-27 17:25:23.688 DEBUG [code-generator,5fd5b3b3110baf3d,5fd5b3b3110baf3d,false] 7448 --- [http-nio-4044-exec-5] o.s.web.servlet.DispatcherServlet        : Successfully completed request
2021-01-27 17:26:14.371 DEBUG [code-generator,5356b29037d04c28,5356b29037d04c28,false] 7448 --- [http-nio-4044-exec-4] o.s.web.servlet.DispatcherServlet        : DispatcherServlet with name 'dispatcherServlet' processing POST request for [/develophelp/downloadBeans]
2021-01-27 17:26:14.372  INFO [code-generator,5356b29037d04c28,5356b29037d04c28,false] 7448 --- [http-nio-4044-exec-4] o.s.j.d.DriverManagerDataSource          : Loaded JDBC driver: com.mysql.jdbc.Driver
2021-01-27 17:26:14.548  INFO [code-generator,5356b29037d04c28,5356b29037d04c28,false] 7448 --- [http-nio-4044-exec-4] o.s.j.d.DriverManagerDataSource          : Loaded JDBC driver: com.mysql.jdbc.Driver
2021-01-27 17:26:14.767  INFO [code-generator,5356b29037d04c28,5356b29037d04c28,false] 7448 --- [http-nio-4044-exec-4] o.s.j.d.DriverManagerDataSource          : Loaded JDBC driver: com.mysql.jdbc.Driver
2021-01-27 17:26:14.926  INFO [code-generator,5356b29037d04c28,5356b29037d04c28,false] 7448 --- [http-nio-4044-exec-4] o.s.j.d.DriverManagerDataSource          : Loaded JDBC driver: com.mysql.jdbc.Driver
2021-01-27 17:26:15.106  INFO [code-generator,5356b29037d04c28,5356b29037d04c28,false] 7448 --- [http-nio-4044-exec-4] o.s.j.d.DriverManagerDataSource          : Loaded JDBC driver: com.mysql.jdbc.Driver
2021-01-27 17:26:15.273  INFO [code-generator,5356b29037d04c28,5356b29037d04c28,false] 7448 --- [http-nio-4044-exec-4] o.s.j.d.DriverManagerDataSource          : Loaded JDBC driver: com.mysql.jdbc.Driver
2021-01-27 17:26:15.478  INFO [code-generator,5356b29037d04c28,5356b29037d04c28,false] 7448 --- [http-nio-4044-exec-4] o.s.j.d.DriverManagerDataSource          : Loaded JDBC driver: com.mysql.jdbc.Driver
2021-01-27 17:26:15.626  INFO [code-generator,5356b29037d04c28,5356b29037d04c28,false] 7448 --- [http-nio-4044-exec-4] o.s.j.d.DriverManagerDataSource          : Loaded JDBC driver: com.mysql.jdbc.Driver
2021-01-27 17:26:15.785  INFO [code-generator,5356b29037d04c28,5356b29037d04c28,false] 7448 --- [http-nio-4044-exec-4] o.s.j.d.DriverManagerDataSource          : Loaded JDBC driver: com.mysql.jdbc.Driver
2021-01-27 17:26:15.987  INFO [code-generator,5356b29037d04c28,5356b29037d04c28,false] 7448 --- [http-nio-4044-exec-4] o.s.j.d.DriverManagerDataSource          : Loaded JDBC driver: com.mysql.jdbc.Driver
2021-01-27 17:26:16.201 DEBUG [code-generator,5356b29037d04c28,5356b29037d04c28,false] 7448 --- [http-nio-4044-exec-4] o.s.web.servlet.DispatcherServlet        : Null ModelAndView returned to DispatcherServlet with name 'dispatcherServlet': assuming HandlerAdapter completed request handling
2021-01-27 17:26:16.201 DEBUG [code-generator,5356b29037d04c28,5356b29037d04c28,false] 7448 --- [http-nio-4044-exec-4] o.s.web.servlet.DispatcherServlet        : Successfully completed request
